<?xml version="1.0" encoding="UTF-8"?>
<testsuite name="MatrixMathematicsTest" tests="4" skipped="0" failures="0" errors="0" timestamp="2019-01-10T21:53:00" hostname="AzzeddieCHENINE" time="0.007">
  <properties/>
  <testcase name="cofactor" classname="MatrixMathematicsTest" time="0.005"/>
  <testcase name="cofactor_noSquareException" classname="MatrixMathematicsTest" time="0.0"/>
  <testcase name="determinant" classname="MatrixMathematicsTest" time="0.0"/>
  <testcase name="determinant_noSquareException" classname="MatrixMathematicsTest" time="0.0"/>
  <system-out><![CDATA[]]></system-out>
  <system-err><![CDATA[]]></system-err>
</testsuite>
